"C:\Users\Engku Nazri\.jdks\graalvm-ce-17\bin\java.exe" "-javaagent:C:\Program Files\JetBrains\IntelliJ IDEA Community Edition 2022.2\lib\idea_rt.jar=51836:C:\Program Files\JetBrains\IntelliJ IDEA Community Edition 2022.2\bin" -Dfile.encoding=UTF-8 -classpath "C:\Users\Engku Nazri\Documents\Workspace\spring-batch-demo\target\classes;C:\Users\Engku Nazri\.m2\repository\org\springframework\boot\spring-boot-starter-batch\2.7.14\spring-boot-starter-batch-2.7.14.jar;C:\Users\Engku Nazri\.m2\repository\org\springframework\boot\spring-boot-starter\2.7.14\spring-boot-starter-2.7.14.jar;C:\Users\Engku Nazri\.m2\repository\org\springframework\boot\spring-boot\2.7.14\spring-boot-2.7.14.jar;C:\Users\Engku Nazri\.m2\repository\org\springframework\boot\spring-boot-autoconfigure\2.7.14\spring-boot-autoconfigure-2.7.14.jar;C:\Users\Engku Nazri\.m2\repository\org\springframework\boot\spring-boot-starter-logging\2.7.14\spring-boot-starter-logging-2.7.14.jar;C:\Users\Engku Nazri\.m2\repository\ch\qos\logback\logback-classic\1.2.12\logback-classic-1.2.12.jar;C:\Users\Engku Nazri\.m2\repository\ch\qos\logback\logback-core\1.2.12\logback-core-1.2.12.jar;C:\Users\Engku Nazri\.m2\repository\org\apache\logging\log4j\log4j-to-slf4j\2.17.2\log4j-to-slf4j-2.17.2.jar;C:\Users\Engku Nazri\.m2\repository\org\apache\logging\log4j\log4j-api\2.17.2\log4j-api-2.17.2.jar;C:\Users\Engku Nazri\.m2\repository\org\slf4j\jul-to-slf4j\1.7.36\jul-to-slf4j-1.7.36.jar;C:\Users\Engku Nazri\.m2\repository\jakarta\annotation\jakarta.annotation-api\1.3.5\jakarta.annotation-api-1.3.5.jar;C:\Users\Engku Nazri\.m2\repository\org\yaml\snakeyaml\1.30\snakeyaml-1.30.jar;C:\Users\Engku Nazri\.m2\repository\org\springframework\boot\spring-boot-starter-jdbc\2.7.14\spring-boot-starter-jdbc-2.7.14.jar;C:\Users\Engku Nazri\.m2\repository\com\zaxxer\HikariCP\4.0.3\HikariCP-4.0.3.jar;C:\Users\Engku Nazri\.m2\repository\org\springframework\batch\spring-batch-core\4.3.8\spring-batch-core-4.3.8.jar;C:\Users\Engku Nazri\.m2\repository\com\fasterxml\jackson\core\jackson-databind\2.13.5\jackson-databind-2.13.5.jar;C:\Users\Engku Nazri\.m2\repository\com\fasterxml\jackson\core\jackson-annotations\2.13.5\jackson-annotations-2.13.5.jar;C:\Users\Engku Nazri\.m2\repository\com\fasterxml\jackson\core\jackson-core\2.13.5\jackson-core-2.13.5.jar;C:\Users\Engku Nazri\.m2\repository\io\micrometer\micrometer-core\1.9.13\micrometer-core-1.9.13.jar;C:\Users\Engku Nazri\.m2\repository\org\hdrhistogram\HdrHistogram\2.1.12\HdrHistogram-2.1.12.jar;C:\Users\Engku Nazri\.m2\repository\org\latencyutils\LatencyUtils\2.0.3\LatencyUtils-2.0.3.jar;C:\Users\Engku Nazri\.m2\repository\javax\batch\javax.batch-api\1.0\javax.batch-api-1.0.jar;C:\Users\Engku Nazri\.m2\repository\org\springframework\batch\spring-batch-infrastructure\4.3.8\spring-batch-infrastructure-4.3.8.jar;C:\Users\Engku Nazri\.m2\repository\org\springframework\retry\spring-retry\1.3.4\spring-retry-1.3.4.jar;C:\Users\Engku Nazri\.m2\repository\org\springframework\spring-aop\5.3.29\spring-aop-5.3.29.jar;C:\Users\Engku Nazri\.m2\repository\org\springframework\spring-beans\5.3.29\spring-beans-5.3.29.jar;C:\Users\Engku Nazri\.m2\repository\org\springframework\spring-context\5.3.29\spring-context-5.3.29.jar;C:\Users\Engku Nazri\.m2\repository\org\springframework\spring-expression\5.3.29\spring-expression-5.3.29.jar;C:\Users\Engku Nazri\.m2\repository\org\springframework\spring-tx\5.3.29\spring-tx-5.3.29.jar;C:\Users\Engku Nazri\.m2\repository\com\mysql\mysql-connector-j\8.0.33\mysql-connector-j-8.0.33.jar;C:\Users\Engku Nazri\.m2\repository\org\slf4j\slf4j-api\1.7.36\slf4j-api-1.7.36.jar;C:\Users\Engku Nazri\.m2\repository\org\springframework\spring-core\5.3.29\spring-core-5.3.29.jar;C:\Users\Engku Nazri\.m2\repository\org\springframework\spring-jcl\5.3.29\spring-jcl-5.3.29.jar;C:\Users\Engku Nazri\.m2\repository\org\springframework\spring-jdbc\5.3.29\spring-jdbc-5.3.29.jar" nazyie.com.springbatchdemo.SpringBatchDemoApplication value=02

  .   ____          _            __ _ _
 /\\ / ___'_ __ _ _(_)_ __  __ _ \ \ \ \
( ( )\___ | '_ | '_| | '_ \/ _` | \ \ \ \
 \\/  ___)| |_)| | | | | || (_| |  ) ) ) )
  '  |____| .__|_| |_|_| |_\__, | / / / /
 =========|_|==============|___/=/_/_/_/
 :: Spring Boot ::               (v2.7.14)

2023-07-23 23:03:00.091  INFO 38232 --- [           main] n.c.s.SpringBatchDemoApplication         : Starting SpringBatchDemoApplication using Java 17.0.5 on LAPTOP-B13OS36O with PID 38232 (C:\Users\Engku Nazri\Documents\Workspace\spring-batch-demo\target\classes started by Engku Nazri in C:\Users\Engku Nazri\Documents\Workspace\spring-batch-demo)
2023-07-23 23:03:00.093  INFO 38232 --- [           main] n.c.s.SpringBatchDemoApplication         : No active profile set, falling back to 1 default profile: "default"
=========================== Execute the [UserRecordWriter] ===========================
2023-07-23 23:03:00.711  INFO 38232 --- [           main] com.zaxxer.hikari.HikariDataSource       : HikariPool-1 - Starting...
2023-07-23 23:03:01.027  INFO 38232 --- [           main] com.zaxxer.hikari.HikariDataSource       : HikariPool-1 - Start completed.
2023-07-23 23:03:01.122  INFO 38232 --- [           main] o.s.b.c.r.s.JobRepositoryFactoryBean     : No database type set, using meta data indicating: MYSQL
2023-07-23 23:03:01.254  INFO 38232 --- [           main] o.s.b.c.l.support.SimpleJobLauncher      : No TaskExecutor has been set, defaulting to synchronous executor.
2023-07-23 23:03:01.339  INFO 38232 --- [           main] n.c.s.SpringBatchDemoApplication         : Started SpringBatchDemoApplication in 1.544 seconds (JVM running for 1.821)
2023-07-23 23:03:01.341  INFO 38232 --- [           main] o.s.b.a.b.JobLauncherApplicationRunner   : Running default command line with: [value=02]
2023-07-23 23:03:01.450  INFO 38232 --- [           main] o.s.b.c.l.support.SimpleJobLauncher      : Job: [SimpleJob: [name=jobToCreateFlatFile]] launched with the following parameters: [{value=02}]
2023-07-23 23:03:01.538  INFO 38232 --- [           main] o.s.batch.core.job.SimpleStepHandler     : Executing step: [stepToGenerateTheFlatFile]
=========================== Execute the [UserRecordReader] ===========================
=========================== Execute the [UserRecordProcessor] ===========================
=========================== Execute the [UserRecordReader] ===========================
=========================== Execute the [UserRecordProcessor] ===========================
=========================== Execute the [UserRecordReader] ===========================
=========================== Execute the [UserRecordProcessor] ===========================
=========================== Execute the [UserRecordReader] ===========================
=========================== Execute the [UserRecordProcessor] ===========================
=========================== Execute the [UserRecordReader] ===========================
=========================== Execute the [UserRecordProcessor] ===========================
=========================== Execute the [UserRecordReader] ===========================
2023-07-23 23:03:01.725  INFO 38232 --- [           main] o.s.batch.core.step.AbstractStep         : Step: [stepToGenerateTheFlatFile] executed in 187ms
2023-07-23 23:03:01.781  INFO 38232 --- [           main] o.s.b.c.l.support.SimpleJobLauncher      : Job: [SimpleJob: [name=jobToCreateFlatFile]] completed with the following parameters: [{value=02}] and the following status: [COMPLETED] in 291ms
2023-07-23 23:03:01.786  INFO 38232 --- [ionShutdownHook] com.zaxxer.hikari.HikariDataSource       : HikariPool-1 - Shutdown initiated...
2023-07-23 23:03:01.802  INFO 38232 --- [ionShutdownHook] com.zaxxer.hikari.HikariDataSource       : HikariPool-1 - Shutdown completed.

Process finished with exit code 0
